<?xml version="1.0" encoding="UTF-8"?>
<!-- Generated by org.testng.reporters.JUnitXMLReporter -->
<testsuite hostname="LAPTOP-ORI8JR52" ignored="0" name="Test1" tests="7" failures="1" timestamp="21 May 2020 05:14:16 GMT" time="69.225" errors="0">
  <testcase name="verifyDressPageTitle" time="0.038" classname="com.AutomationTesting.TestCases.DressPageTest"/>
  <testcase name="verifyDressPageTitle" time="0.149" classname="com.AutomationTesting.TestCases.TshirtsPageTest"/>
  <testcase name="verifyHomePageTitle" time="0.008" classname="com.AutomationTesting.TestCases.HomePageTest"/>
  <testcase name="verifyWomenPageTitle" time="0.012" classname="com.AutomationTesting.TestCases.WomenPageTest"/>
  <testcase name="verifySummerDressPageTitle" time="0.022" classname="com.AutomationTesting.TestCases.SummerDressPageTest"/>
  <testcase name="verifyNewsLetterWithInvalidData" time="3.109" classname="com.AutomationTesting.TestCases.HomePageTest"/>
  <testcase name="verifyCheckBoxSelected" time="2.801" classname="com.AutomationTesting.TestCases.SummerDressPageTest">
    <failure type="java.lang.AssertionError" message="expected [true] but found [false]">
      <![CDATA[java.lang.AssertionError: expected [true] but found [false]
	at com.AutomationTesting.TestCases.SummerDressPageTest.verifyCheckBoxSelected(SummerDressPageTest.java:32)
	at java.util.concurrent.ThreadPoolExecutor.runWorker(ThreadPoolExecutor.java:1149)
	at java.util.concurrent.ThreadPoolExecutor$Worker.run(ThreadPoolExecutor.java:624)
	at java.lang.Thread.run(Thread.java:748)
... Removed 16 stack frames]]>
    </failure>
  </testcase> <!-- verifyCheckBoxSelected -->
</testsuite> <!-- Test1 -->
